This file contains any messages produced by compilers while
running configure, to aid debugging if configure makes a mistake.

It was created by openSMILE configure 2.0.0, which was
generated by GNU Autoconf 2.69.  Invocation command line was

  $ ./configure 

## --------- ##
## Platform. ##
## --------- ##

hostname = Omotola-Babasolas-MacBook-Pro.local
uname -m = x86_64
uname -r = 14.0.0
uname -s = Darwin
uname -v = Darwin Kernel Version 14.0.0: Fri Sep 19 00:26:44 PDT 2014; root:xnu-2782.1.97~2/RELEASE_X86_64

/usr/bin/uname -p = i386
/bin/uname -X     = unknown

/bin/arch              = unknown
/usr/bin/arch -k       = unknown
/usr/convex/getsysinfo = unknown
/usr/bin/hostinfo      = Mach kernel version:
	 Darwin Kernel Version 14.0.0: Fri Sep 19 00:26:44 PDT 2014; root:xnu-2782.1.97~2/RELEASE_X86_64
Kernel configured for up to 4 processors.
2 processors are physically available.
4 processors are logically available.
Processor type: i486 (Intel 80486)
Processors active: 0 1 2 3
Primary memory available: 8.00 gigabytes
Default processor set: 263 tasks, 1113 threads, 4 processors
Load average: 1.26, Mach factor: 2.73
/bin/machine           = unknown
/usr/bin/oslevel       = unknown
/bin/universe          = unknown

PATH: /Users/OmotolaBabasola1/.node/bin
PATH: /Users/OmotolaBabasola1/miniconda/bin
PATH: /usr/local/bin
PATH: /usr/bin
PATH: /bin
PATH: /usr/sbin
PATH: /sbin
PATH: /usr/local/CrossPack-AVR/bin
PATH: /usr/texbin


## ----------- ##
## Core tests. ##
## ----------- ##

configure:2518: checking for a BSD-compatible install
configure:2586: result: /usr/bin/install -c
configure:2597: checking whether build environment is sane
configure:2652: result: yes
configure:2803: checking for a thread-safe mkdir -p
configure:2842: result: ./install-sh -c -d
configure:2849: checking for gawk
configure:2879: result: no
configure:2849: checking for mawk
configure:2879: result: no
configure:2849: checking for nawk
configure:2879: result: no
configure:2849: checking for awk
configure:2865: found /usr/bin/awk
configure:2876: result: awk
configure:2887: checking whether make sets $(MAKE)
configure:2909: result: yes
configure:2938: checking whether make supports nested variables
configure:2955: result: yes
configure:3131: checking for gcc
configure:3147: found /usr/bin/gcc
configure:3158: result: gcc
configure:3387: checking for C compiler version
configure:3396: gcc --version >&5
Apple LLVM version 6.1.0 (clang-602.0.53) (based on LLVM 3.6.0svn)
Target: x86_64-apple-darwin14.0.0
Thread model: posix
Configured with: --prefix=/Applications/Xcode.app/Contents/Developer/usr --with-gxx-include-dir=/Applications/Xcode.app/Contents/Developer/Platforms/MacOSX.platform/Developer/SDKs/MacOSX10.10.sdk/usr/include/c++/4.2.1
configure:3407: $? = 0
configure:3396: gcc -v >&5
Configured with: --prefix=/Applications/Xcode.app/Contents/Developer/usr --with-gxx-include-dir=/Applications/Xcode.app/Contents/Developer/Platforms/MacOSX.platform/Developer/SDKs/MacOSX10.10.sdk/usr/include/c++/4.2.1
Apple LLVM version 6.1.0 (clang-602.0.53) (based on LLVM 3.6.0svn)
Target: x86_64-apple-darwin14.0.0
Thread model: posix
configure:3407: $? = 0
configure:3396: gcc -V >&5
clang: error: argument to '-V' is missing (expected 1 value)
clang: error: no input files
configure:3407: $? = 1
configure:3396: gcc -qversion >&5
clang: error: unknown argument: '-qversion'
clang: error: no input files
configure:3407: $? = 1
configure:3427: checking whether the C compiler works
configure:3449: gcc    conftest.c  >&5
configure:3453: $? = 0
configure:3501: result: yes
configure:3504: checking for C compiler default output file name
configure:3506: result: a.out
configure:3512: checking for suffix of executables
configure:3519: gcc -o conftest    conftest.c  >&5
configure:3523: $? = 0
configure:3545: result: 
configure:3567: checking whether we are cross compiling
configure:3575: gcc -o conftest    conftest.c  >&5
configure:3579: $? = 0
configure:3586: ./conftest
configure:3590: $? = 0
configure:3605: result: no
configure:3610: checking for suffix of object files
configure:3632: gcc -c   conftest.c >&5
configure:3636: $? = 0
configure:3657: result: o
configure:3661: checking whether we are using the GNU C compiler
configure:3680: gcc -c   conftest.c >&5
configure:3680: $? = 0
configure:3689: result: yes
configure:3698: checking whether gcc accepts -g
configure:3718: gcc -c -g  conftest.c >&5
configure:3718: $? = 0
configure:3759: result: yes
configure:3776: checking for gcc option to accept ISO C89
configure:3839: gcc  -c -g -O2  conftest.c >&5
configure:3839: $? = 0
configure:3852: result: none needed
configure:3877: checking whether gcc understands -c and -o together
configure:3899: gcc -c conftest.c -o conftest2.o
configure:3902: $? = 0
configure:3899: gcc -c conftest.c -o conftest2.o
configure:3902: $? = 0
configure:3914: result: yes
configure:3942: checking for style of include used by make
configure:3970: result: GNU
configure:3996: checking dependency style of gcc
configure:4107: result: gcc3
configure:4180: checking for g++
configure:4196: found /usr/bin/g++
configure:4207: result: g++
configure:4234: checking for C++ compiler version
configure:4243: g++ --version >&5
Apple LLVM version 6.1.0 (clang-602.0.53) (based on LLVM 3.6.0svn)
Target: x86_64-apple-darwin14.0.0
Thread model: posix
Configured with: --prefix=/Applications/Xcode.app/Contents/Developer/usr --with-gxx-include-dir=/Applications/Xcode.app/Contents/Developer/Platforms/MacOSX.platform/Developer/SDKs/MacOSX10.10.sdk/usr/include/c++/4.2.1
configure:4254: $? = 0
configure:4243: g++ -v >&5
Configured with: --prefix=/Applications/Xcode.app/Contents/Developer/usr --with-gxx-include-dir=/Applications/Xcode.app/Contents/Developer/Platforms/MacOSX.platform/Developer/SDKs/MacOSX10.10.sdk/usr/include/c++/4.2.1
Apple LLVM version 6.1.0 (clang-602.0.53) (based on LLVM 3.6.0svn)
Target: x86_64-apple-darwin14.0.0
Thread model: posix
configure:4254: $? = 0
configure:4243: g++ -V >&5
clang: error: argument to '-V' is missing (expected 1 value)
clang: error: no input files
configure:4254: $? = 1
configure:4243: g++ -qversion >&5
clang: error: unknown argument: '-qversion'
clang: error: no input files
configure:4254: $? = 1
configure:4258: checking whether we are using the GNU C++ compiler
configure:4277: g++ -c   conftest.cpp >&5
configure:4277: $? = 0
configure:4286: result: yes
configure:4295: checking whether g++ accepts -g
configure:4315: g++ -c -g  conftest.cpp >&5
configure:4315: $? = 0
configure:4356: result: yes
configure:4381: checking dependency style of g++
configure:4492: result: gcc3
configure:4537: checking build system type
configure:4551: result: x86_64-apple-darwin14.0.0
configure:4571: checking host system type
configure:4584: result: x86_64-apple-darwin14.0.0
configure:4625: checking how to print strings
configure:4652: result: printf
configure:4673: checking for a sed that does not truncate output
configure:4737: result: /usr/bin/sed
configure:4755: checking for grep that handles long lines and -e
configure:4813: result: /usr/bin/grep
configure:4818: checking for egrep
configure:4880: result: /usr/bin/grep -E
configure:4885: checking for fgrep
configure:4947: result: /usr/bin/grep -F
configure:4982: checking for ld used by gcc
configure:5049: result: /Applications/Xcode.app/Contents/Developer/Toolchains/XcodeDefault.xctoolchain/usr/bin/ld
configure:5056: checking if the linker (/Applications/Xcode.app/Contents/Developer/Toolchains/XcodeDefault.xctoolchain/usr/bin/ld) is GNU ld
configure:5071: result: no
configure:5083: checking for BSD- or MS-compatible name lister (nm)
configure:5132: result: /usr/bin/nm
configure:5262: checking the name lister (/usr/bin/nm) interface
configure:5269: gcc -c -g -O2  conftest.c >&5
configure:5272: /usr/bin/nm "conftest.o"
configure:5275: output
0000000000000214 S _some_variable
configure:5282: result: BSD nm
configure:5285: checking whether ln -s works
configure:5289: result: yes
configure:5297: checking the maximum length of command line arguments
configure:5427: result: 196608
configure:5444: checking whether the shell understands some XSI constructs
configure:5454: result: yes
configure:5458: checking whether the shell understands "+="
configure:5464: result: yes
configure:5499: checking how to convert x86_64-apple-darwin14.0.0 file names to x86_64-apple-darwin14.0.0 format
configure:5539: result: func_convert_file_noop
configure:5546: checking how to convert x86_64-apple-darwin14.0.0 file names to toolchain format
configure:5566: result: func_convert_file_noop
configure:5573: checking for /Applications/Xcode.app/Contents/Developer/Toolchains/XcodeDefault.xctoolchain/usr/bin/ld option to reload object files
configure:5580: result: -r
configure:5654: checking for objdump
configure:5684: result: no
configure:5713: checking how to recognize dependent libraries
configure:5915: result: pass_all
configure:6000: checking for dlltool
configure:6030: result: no
configure:6060: checking how to associate runtime and link libraries
configure:6087: result: printf %s\n
configure:6148: checking for ar
configure:6164: found /usr/bin/ar
configure:6175: result: ar
configure:6212: checking for archiver @FILE support
configure:6229: gcc -c -g -O2  conftest.c >&5
configure:6229: $? = 0
configure:6232: ar cru libconftest.a @conftest.lst >&5
ar: @conftest.lst: No such file or directory
configure:6235: $? = 1
configure:6255: result: no
configure:6313: checking for strip
configure:6329: found /usr/bin/strip
configure:6340: result: strip
configure:6412: checking for ranlib
configure:6428: found /usr/bin/ranlib
configure:6439: result: ranlib
configure:6541: checking command to parse /usr/bin/nm output from gcc object
configure:6661: gcc -c -g -O2  conftest.c >&5
configure:6664: $? = 0
configure:6668: /usr/bin/nm conftest.o \| sed -n -e 's/^.*[ ]\([BCDEGRST][BCDEGRST]*\)[ ][ ]*\([_A-Za-z][_A-Za-z0-9]*\)$/\1 \2 \2/p' | sed '/ __gnu_lto/d' \> conftest.nm
configure:6671: $? = 0
cannot find nm_test_var in conftest.nm
configure:6661: gcc -c -g -O2  conftest.c >&5
configure:6664: $? = 0
configure:6668: /usr/bin/nm conftest.o \| sed -n -e 's/^.*[ ]\([BCDEGRST][BCDEGRST]*\)[ ][ ]*_\([_A-Za-z][_A-Za-z0-9]*\)$/\1 _\2 \2/p' | sed '/ __gnu_lto/d' \> conftest.nm
configure:6671: $? = 0
configure:6737: gcc -o conftest -g -O2   conftest.c conftstm.o >&5
configure:6740: $? = 0
configure:6778: result: ok
configure:6815: checking for sysroot
configure:6845: result: no
configure:7101: checking for mt
configure:7131: result: no
configure:7151: checking if : is a manifest tool
configure:7157: : '-?'
configure:7165: result: no
configure:7221: checking for dsymutil
configure:7237: found /usr/bin/dsymutil
configure:7248: result: dsymutil
configure:7313: checking for nmedit
configure:7329: found /usr/bin/nmedit
configure:7340: result: nmedit
configure:7405: checking for lipo
configure:7421: found /usr/bin/lipo
configure:7432: result: lipo
configure:7497: checking for otool
configure:7513: found /usr/bin/otool
configure:7524: result: otool
configure:7589: checking for otool64
configure:7619: result: no
configure:7664: checking for -single_module linker flag
gcc -g -O2  -o libconftest.dylib -dynamiclib -Wl,-single_module conftest.c
configure:7697: result: yes
configure:7700: checking for -exported_symbols_list linker flag
configure:7720: gcc -o conftest -g -O2   -Wl,-exported_symbols_list,conftest.sym conftest.c  >&5
configure:7720: $? = 0
configure:7730: result: yes
configure:7733: checking for -force_load linker flag
gcc -g -O2 -c -o conftest.o conftest.c
ar cru libconftest.a conftest.o
ranlib libconftest.a
gcc -g -O2  -o conftest conftest.c -Wl,-force_load,./libconftest.a
configure:7765: result: yes
configure:7807: checking how to run the C preprocessor
configure:7838: gcc -E  conftest.c
configure:7838: $? = 0
configure:7852: gcc -E  conftest.c
conftest.c:11:10: fatal error: 'ac_nonexistent.h' file not found
#include <ac_nonexistent.h>
         ^
1 error generated.
configure:7852: $? = 1
configure: failed program was:
| /* confdefs.h */
| #define PACKAGE_NAME "openSMILE"
| #define PACKAGE_TARNAME "opensmile"
| #define PACKAGE_VERSION "2.0.0"
| #define PACKAGE_STRING "openSMILE 2.0.0"
| #define PACKAGE_BUGREPORT ""
| #define PACKAGE_URL ""
| #define PACKAGE "opensmile"
| #define VERSION "2.0.0"
| /* end confdefs.h.  */
| #include <ac_nonexistent.h>
configure:7877: result: gcc -E
configure:7897: gcc -E  conftest.c
configure:7897: $? = 0
configure:7911: gcc -E  conftest.c
conftest.c:11:10: fatal error: 'ac_nonexistent.h' file not found
#include <ac_nonexistent.h>
         ^
1 error generated.
configure:7911: $? = 1
configure: failed program was:
| /* confdefs.h */
| #define PACKAGE_NAME "openSMILE"
| #define PACKAGE_TARNAME "opensmile"
| #define PACKAGE_VERSION "2.0.0"
| #define PACKAGE_STRING "openSMILE 2.0.0"
| #define PACKAGE_BUGREPORT ""
| #define PACKAGE_URL ""
| #define PACKAGE "opensmile"
| #define VERSION "2.0.0"
| /* end confdefs.h.  */
| #include <ac_nonexistent.h>
configure:7940: checking for ANSI C header files
configure:7960: gcc -c -g -O2  conftest.c >&5
configure:7960: $? = 0
configure:8033: gcc -o conftest -g -O2   conftest.c  >&5
configure:8033: $? = 0
configure:8033: ./conftest
configure:8033: $? = 0
configure:8044: result: yes
configure:8057: checking for sys/types.h
configure:8057: gcc -c -g -O2  conftest.c >&5
configure:8057: $? = 0
configure:8057: result: yes
configure:8057: checking for sys/stat.h
configure:8057: gcc -c -g -O2  conftest.c >&5
configure:8057: $? = 0
configure:8057: result: yes
configure:8057: checking for stdlib.h
configure:8057: gcc -c -g -O2  conftest.c >&5
configure:8057: $? = 0
configure:8057: result: yes
configure:8057: checking for string.h
configure:8057: gcc -c -g -O2  conftest.c >&5
configure:8057: $? = 0
configure:8057: result: yes
configure:8057: checking for memory.h
configure:8057: gcc -c -g -O2  conftest.c >&5
configure:8057: $? = 0
configure:8057: result: yes
configure:8057: checking for strings.h
configure:8057: gcc -c -g -O2  conftest.c >&5
configure:8057: $? = 0
configure:8057: result: yes
configure:8057: checking for inttypes.h
configure:8057: gcc -c -g -O2  conftest.c >&5
configure:8057: $? = 0
configure:8057: result: yes
configure:8057: checking for stdint.h
configure:8057: gcc -c -g -O2  conftest.c >&5
configure:8057: $? = 0
configure:8057: result: yes
configure:8057: checking for unistd.h
configure:8057: gcc -c -g -O2  conftest.c >&5
configure:8057: $? = 0
configure:8057: result: yes
configure:8071: checking for dlfcn.h
configure:8071: gcc -c -g -O2  conftest.c >&5
configure:8071: $? = 0
configure:8071: result: yes
configure:8288: checking for objdir
configure:8303: result: .libs
configure:8574: checking if gcc supports -fno-rtti -fno-exceptions
configure:8592: gcc -c -g -O2  -fno-rtti -fno-exceptions conftest.c >&5
configure:8596: $? = 0
configure:8609: result: yes
configure:8936: checking for gcc option to produce PIC
configure:8943: result: -fno-common -DPIC
configure:8951: checking if gcc PIC flag -fno-common -DPIC works
configure:8969: gcc -c -g -O2  -fno-common -DPIC -DPIC conftest.c >&5
configure:8973: $? = 0
configure:8986: result: yes
configure:9015: checking if gcc static flag -static works
configure:9043: result: no
configure:9058: checking if gcc supports -c -o file.o
configure:9079: gcc -c -g -O2  -o out/conftest2.o conftest.c >&5
configure:9083: $? = 0
configure:9105: result: yes
configure:9113: checking if gcc supports -c -o file.o
configure:9160: result: yes
configure:9193: checking whether the gcc linker (/Applications/Xcode.app/Contents/Developer/Toolchains/XcodeDefault.xctoolchain/usr/bin/ld) supports shared libraries
configure:10346: result: yes
configure:10586: checking dynamic linker characteristics
configure:11319: result: darwin14.0.0 dyld
configure:11426: checking how to hardcode library paths into programs
configure:11451: result: immediate
configure:11991: checking whether stripping libraries is possible
configure:12005: result: yes
configure:12031: checking if libtool supports shared libraries
configure:12033: result: yes
configure:12036: checking whether to build shared libraries
configure:12057: result: yes
configure:12060: checking whether to build static libraries
configure:12064: result: yes
configure:12087: checking how to run the C++ preprocessor
configure:12114: g++ -E  conftest.cpp
configure:12114: $? = 0
configure:12128: g++ -E  conftest.cpp
conftest.cpp:23:10: fatal error: 'ac_nonexistent.h' file not found
#include <ac_nonexistent.h>
         ^
1 error generated.
configure:12128: $? = 1
configure: failed program was:
| /* confdefs.h */
| #define PACKAGE_NAME "openSMILE"
| #define PACKAGE_TARNAME "opensmile"
| #define PACKAGE_VERSION "2.0.0"
| #define PACKAGE_STRING "openSMILE 2.0.0"
| #define PACKAGE_BUGREPORT ""
| #define PACKAGE_URL ""
| #define PACKAGE "opensmile"
| #define VERSION "2.0.0"
| #define STDC_HEADERS 1
| #define HAVE_SYS_TYPES_H 1
| #define HAVE_SYS_STAT_H 1
| #define HAVE_STDLIB_H 1
| #define HAVE_STRING_H 1
| #define HAVE_MEMORY_H 1
| #define HAVE_STRINGS_H 1
| #define HAVE_INTTYPES_H 1
| #define HAVE_STDINT_H 1
| #define HAVE_UNISTD_H 1
| #define HAVE_DLFCN_H 1
| #define LT_OBJDIR ".libs/"
| /* end confdefs.h.  */
| #include <ac_nonexistent.h>
configure:12153: result: g++ -E
configure:12173: g++ -E  conftest.cpp
configure:12173: $? = 0
configure:12187: g++ -E  conftest.cpp
conftest.cpp:23:10: fatal error: 'ac_nonexistent.h' file not found
#include <ac_nonexistent.h>
         ^
1 error generated.
configure:12187: $? = 1
configure: failed program was:
| /* confdefs.h */
| #define PACKAGE_NAME "openSMILE"
| #define PACKAGE_TARNAME "opensmile"
| #define PACKAGE_VERSION "2.0.0"
| #define PACKAGE_STRING "openSMILE 2.0.0"
| #define PACKAGE_BUGREPORT ""
| #define PACKAGE_URL ""
| #define PACKAGE "opensmile"
| #define VERSION "2.0.0"
| #define STDC_HEADERS 1
| #define HAVE_SYS_TYPES_H 1
| #define HAVE_SYS_STAT_H 1
| #define HAVE_STDLIB_H 1
| #define HAVE_STRING_H 1
| #define HAVE_MEMORY_H 1
| #define HAVE_STRINGS_H 1
| #define HAVE_INTTYPES_H 1
| #define HAVE_STDINT_H 1
| #define HAVE_UNISTD_H 1
| #define HAVE_DLFCN_H 1
| #define LT_OBJDIR ".libs/"
| /* end confdefs.h.  */
| #include <ac_nonexistent.h>
configure:12356: checking for ld used by g++
configure:12423: result: /Applications/Xcode.app/Contents/Developer/Toolchains/XcodeDefault.xctoolchain/usr/bin/ld
configure:12430: checking if the linker (/Applications/Xcode.app/Contents/Developer/Toolchains/XcodeDefault.xctoolchain/usr/bin/ld) is GNU ld
configure:12445: result: no
configure:12500: checking whether the g++ linker (/Applications/Xcode.app/Contents/Developer/Toolchains/XcodeDefault.xctoolchain/usr/bin/ld) supports shared libraries
configure:13505: result: yes
configure:13541: g++ -c -g -O2  conftest.cpp >&5
configure:13544: $? = 0
configure:14064: checking for g++ option to produce PIC
configure:14071: result: -fno-common -DPIC
configure:14079: checking if g++ PIC flag -fno-common -DPIC works
configure:14097: g++ -c -g -O2  -fno-common -DPIC -DPIC conftest.cpp >&5
configure:14101: $? = 0
configure:14114: result: yes
configure:14137: checking if g++ static flag -static works
configure:14165: result: no
configure:14177: checking if g++ supports -c -o file.o
configure:14198: g++ -c -g -O2  -o out/conftest2.o conftest.cpp >&5
configure:14202: $? = 0
configure:14224: result: yes
configure:14229: checking if g++ supports -c -o file.o
configure:14276: result: yes
configure:14306: checking whether the g++ linker (/Applications/Xcode.app/Contents/Developer/Toolchains/XcodeDefault.xctoolchain/usr/bin/ld) supports shared libraries
configure:14342: result: yes
configure:14483: checking dynamic linker characteristics
configure:15150: result: darwin14.0.0 dyld
configure:15203: checking how to hardcode library paths into programs
configure:15228: result: immediate
configure:15324: checking for libsemaineapi
configure:15345: result: no
configure:15347: WARNING: LibSemaineAPI not found!! Configuring only standalone feature extractor
configure:15435: checking for Pa_Initialize in -lportaudio
configure:15460: gcc -o conftest -g -O2   conftest.c -lportaudio   >&5
ld: library not found for -lportaudio
clang: error: linker command failed with exit code 1 (use -v to see invocation)
configure:15460: $? = 1
configure: failed program was:
| /* confdefs.h */
| #define PACKAGE_NAME "openSMILE"
| #define PACKAGE_TARNAME "opensmile"
| #define PACKAGE_VERSION "2.0.0"
| #define PACKAGE_STRING "openSMILE 2.0.0"
| #define PACKAGE_BUGREPORT ""
| #define PACKAGE_URL ""
| #define PACKAGE "opensmile"
| #define VERSION "2.0.0"
| #define STDC_HEADERS 1
| #define HAVE_SYS_TYPES_H 1
| #define HAVE_SYS_STAT_H 1
| #define HAVE_STDLIB_H 1
| #define HAVE_STRING_H 1
| #define HAVE_MEMORY_H 1
| #define HAVE_STRINGS_H 1
| #define HAVE_INTTYPES_H 1
| #define HAVE_STDINT_H 1
| #define HAVE_UNISTD_H 1
| #define HAVE_DLFCN_H 1
| #define LT_OBJDIR ".libs/"
| /* end confdefs.h.  */
| 
| /* Override any GCC internal prototype to avoid an error.
|    Use char because int might match the return type of a GCC
|    builtin and then its argument prototype would still apply.  */
| #ifdef __cplusplus
| extern "C"
| #endif
| char Pa_Initialize ();
| int
| main ()
| {
| return Pa_Initialize ();
|   ;
|   return 0;
| }
configure:15469: result: no
configure:15480: checking for Pa_GetHostApiCount in -lportaudio
configure:15505: gcc -o conftest -g -O2   conftest.c -lportaudio   >&5
ld: library not found for -lportaudio
clang: error: linker command failed with exit code 1 (use -v to see invocation)
configure:15505: $? = 1
configure: failed program was:
| /* confdefs.h */
| #define PACKAGE_NAME "openSMILE"
| #define PACKAGE_TARNAME "opensmile"
| #define PACKAGE_VERSION "2.0.0"
| #define PACKAGE_STRING "openSMILE 2.0.0"
| #define PACKAGE_BUGREPORT ""
| #define PACKAGE_URL ""
| #define PACKAGE "opensmile"
| #define VERSION "2.0.0"
| #define STDC_HEADERS 1
| #define HAVE_SYS_TYPES_H 1
| #define HAVE_SYS_STAT_H 1
| #define HAVE_STDLIB_H 1
| #define HAVE_STRING_H 1
| #define HAVE_MEMORY_H 1
| #define HAVE_STRINGS_H 1
| #define HAVE_INTTYPES_H 1
| #define HAVE_STDINT_H 1
| #define HAVE_UNISTD_H 1
| #define HAVE_DLFCN_H 1
| #define LT_OBJDIR ".libs/"
| /* end confdefs.h.  */
| 
| /* Override any GCC internal prototype to avoid an error.
|    Use char because int might match the return type of a GCC
|    builtin and then its argument prototype would still apply.  */
| #ifdef __cplusplus
| extern "C"
| #endif
| char Pa_GetHostApiCount ();
| int
| main ()
| {
| return Pa_GetHostApiCount ();
|   ;
|   return 0;
| }
configure:15514: result: no
configure:15548: WARNING: Compiling WITHOUT PortAudio support!! Sound recording will probably be broken!
configure:15881: checking for the pthreads library -lpthreads
configure:15914: gcc -o conftest -g -O2    conftest.c -lpthreads  >&5
ld: library not found for -lpthreads
clang: error: linker command failed with exit code 1 (use -v to see invocation)
configure:15914: $? = 1
configure: failed program was:
| /* confdefs.h */
| #define PACKAGE_NAME "openSMILE"
| #define PACKAGE_TARNAME "opensmile"
| #define PACKAGE_VERSION "2.0.0"
| #define PACKAGE_STRING "openSMILE 2.0.0"
| #define PACKAGE_BUGREPORT ""
| #define PACKAGE_URL ""
| #define PACKAGE "opensmile"
| #define VERSION "2.0.0"
| #define STDC_HEADERS 1
| #define HAVE_SYS_TYPES_H 1
| #define HAVE_SYS_STAT_H 1
| #define HAVE_STDLIB_H 1
| #define HAVE_STRING_H 1
| #define HAVE_MEMORY_H 1
| #define HAVE_STRINGS_H 1
| #define HAVE_INTTYPES_H 1
| #define HAVE_STDINT_H 1
| #define HAVE_UNISTD_H 1
| #define HAVE_DLFCN_H 1
| #define LT_OBJDIR ".libs/"
| /* end confdefs.h.  */
| #include <pthread.h>
| int
| main ()
| {
| pthread_t th; pthread_join(th, 0);
|                      pthread_attr_init(0); pthread_cleanup_push(0, 0);
|                      pthread_create(0,0,0,0); pthread_cleanup_pop(0);
|   ;
|   return 0;
| }
configure:15923: result: no
configure:15826: checking whether pthreads work without any flags
configure:15914: gcc -o conftest -g -O2    conftest.c   >&5
configure:15914: $? = 0
configure:15923: result: yes
configure:15942: checking for joinable pthread attribute
configure:15957: gcc -o conftest -g -O2    conftest.c   >&5
configure:15957: $? = 0
configure:15963: result: PTHREAD_CREATE_JOINABLE
configure:15973: checking if more special flags are required for pthreads
configure:15980: result: -D_THREAD_SAFE
configure:16140: WARNING: Disabling target SEMAINExtract beacuse libsemaineapi was not found or is not useable
configure:16370: checking that generated files are newer than configure
configure:16376: result: done
configure:16427: creating ./config.status

## ---------------------- ##
## Running config.status. ##
## ---------------------- ##

This file was extended by openSMILE config.status 2.0.0, which was
generated by GNU Autoconf 2.69.  Invocation command line was

  CONFIG_FILES    = 
  CONFIG_HEADERS  = 
  CONFIG_LINKS    = 
  CONFIG_COMMANDS = 
  $ ./config.status 

on Omotola-Babasolas-MacBook-Pro.local

config.status:1175: creating Makefile
config.status:1175: creating config.h
config.status:1404: executing depfiles commands
config.status:1404: executing libtool commands

## ---------------- ##
## Cache variables. ##
## ---------------- ##

ac_cv_build=x86_64-apple-darwin14.0.0
ac_cv_c_compiler_gnu=yes
ac_cv_cxx_compiler_gnu=yes
ac_cv_env_CCC_set=
ac_cv_env_CCC_value=
ac_cv_env_CC_set=
ac_cv_env_CC_value=
ac_cv_env_CFLAGS_set=
ac_cv_env_CFLAGS_value=
ac_cv_env_CPPFLAGS_set=
ac_cv_env_CPPFLAGS_value=
ac_cv_env_CPP_set=
ac_cv_env_CPP_value=
ac_cv_env_CXXCPP_set=
ac_cv_env_CXXCPP_value=
ac_cv_env_CXXFLAGS_set=
ac_cv_env_CXXFLAGS_value=
ac_cv_env_CXX_set=
ac_cv_env_CXX_value=
ac_cv_env_LDFLAGS_set=
ac_cv_env_LDFLAGS_value=
ac_cv_env_LIBS_set=
ac_cv_env_LIBS_value=
ac_cv_env_build_alias_set=
ac_cv_env_build_alias_value=
ac_cv_env_host_alias_set=
ac_cv_env_host_alias_value=
ac_cv_env_target_alias_set=
ac_cv_env_target_alias_value=
ac_cv_header_dlfcn_h=yes
ac_cv_header_inttypes_h=yes
ac_cv_header_memory_h=yes
ac_cv_header_stdc=yes
ac_cv_header_stdint_h=yes
ac_cv_header_stdlib_h=yes
ac_cv_header_string_h=yes
ac_cv_header_strings_h=yes
ac_cv_header_sys_stat_h=yes
ac_cv_header_sys_types_h=yes
ac_cv_header_unistd_h=yes
ac_cv_host=x86_64-apple-darwin14.0.0
ac_cv_lib_portaudio_Pa_GetHostApiCount=no
ac_cv_lib_portaudio_Pa_Initialize=no
ac_cv_objext=o
ac_cv_path_EGREP='/usr/bin/grep -E'
ac_cv_path_FGREP='/usr/bin/grep -F'
ac_cv_path_GREP=/usr/bin/grep
ac_cv_path_SED=/usr/bin/sed
ac_cv_path_install='/usr/bin/install -c'
ac_cv_prog_AWK=awk
ac_cv_prog_CPP='gcc -E'
ac_cv_prog_CXXCPP='g++ -E'
ac_cv_prog_ac_ct_AR=ar
ac_cv_prog_ac_ct_CC=gcc
ac_cv_prog_ac_ct_CXX=g++
ac_cv_prog_ac_ct_DSYMUTIL=dsymutil
ac_cv_prog_ac_ct_LIPO=lipo
ac_cv_prog_ac_ct_NMEDIT=nmedit
ac_cv_prog_ac_ct_OTOOL=otool
ac_cv_prog_ac_ct_RANLIB=ranlib
ac_cv_prog_ac_ct_STRIP=strip
ac_cv_prog_cc_c89=
ac_cv_prog_cc_g=yes
ac_cv_prog_cxx_g=yes
ac_cv_prog_make_make_set=yes
am_cv_CC_dependencies_compiler_type=gcc3
am_cv_CXX_dependencies_compiler_type=gcc3
am_cv_make_support_nested_variables=yes
am_cv_prog_cc_c_o=yes
lt_cv_apple_cc_single_mod=yes
lt_cv_ar_at_file=no
lt_cv_deplibs_check_method=pass_all
lt_cv_file_magic_cmd='$MAGIC_CMD'
lt_cv_file_magic_test_file=
lt_cv_ld_exported_symbols_list=yes
lt_cv_ld_force_load=yes
lt_cv_ld_reload_flag=-r
lt_cv_nm_interface='BSD nm'
lt_cv_objdir=.libs
lt_cv_path_LD=/Applications/Xcode.app/Contents/Developer/Toolchains/XcodeDefault.xctoolchain/usr/bin/ld
lt_cv_path_LDCXX=/Applications/Xcode.app/Contents/Developer/Toolchains/XcodeDefault.xctoolchain/usr/bin/ld
lt_cv_path_NM=/usr/bin/nm
lt_cv_path_mainfest_tool=no
lt_cv_prog_compiler_c_o=yes
lt_cv_prog_compiler_c_o_CXX=yes
lt_cv_prog_compiler_pic='-fno-common -DPIC'
lt_cv_prog_compiler_pic_CXX='-fno-common -DPIC'
lt_cv_prog_compiler_pic_works=yes
lt_cv_prog_compiler_pic_works_CXX=yes
lt_cv_prog_compiler_rtti_exceptions=yes
lt_cv_prog_compiler_static_works=no
lt_cv_prog_compiler_static_works_CXX=no
lt_cv_prog_gnu_ld=no
lt_cv_prog_gnu_ldcxx=no
lt_cv_sharedlib_from_linklib_cmd='printf %s\n'
lt_cv_sys_global_symbol_pipe='sed -n -e '\''s/^.*[	 ]\([BCDEGRST][BCDEGRST]*\)[	 ][	 ]*_\([_A-Za-z][_A-Za-z0-9]*\)$/\1 _\2 \2/p'\'' | sed '\''/ __gnu_lto/d'\'''
lt_cv_sys_global_symbol_to_c_name_address='sed -n -e '\''s/^: \([^ ]*\)[ ]*$/  {\"\1\", (void *) 0},/p'\'' -e '\''s/^[BCDEGRST]* \([^ ]*\) \([^ ]*\)$/  {"\2", (void *) \&\2},/p'\'''
lt_cv_sys_global_symbol_to_c_name_address_lib_prefix='sed -n -e '\''s/^: \([^ ]*\)[ ]*$/  {\"\1\", (void *) 0},/p'\'' -e '\''s/^[BCDEGRST]* \([^ ]*\) \(lib[^ ]*\)$/  {"\2", (void *) \&\2},/p'\'' -e '\''s/^[BCDEGRST]* \([^ ]*\) \([^ ]*\)$/  {"lib\2", (void *) \&\2},/p'\'''
lt_cv_sys_global_symbol_to_cdecl='sed -n -e '\''s/^T .* \(.*\)$/extern int \1();/p'\'' -e '\''s/^[BCDEGRST]* .* \(.*\)$/extern char \1;/p'\'''
lt_cv_sys_max_cmd_len=196608
lt_cv_to_host_file_cmd=func_convert_file_noop
lt_cv_to_tool_file_cmd=func_convert_file_noop

## ----------------- ##
## Output variables. ##
## ----------------- ##

ACLOCAL='${SHELL} /Users/OmotolaBabasola1/Programming/Imperial/Java/PulseServer/openSMILE-2.2rc1/missing aclocal-1.14'
AMDEPBACKSLASH='\'
AMDEP_FALSE='#'
AMDEP_TRUE=''
AMTAR='$${TAR-tar}'
AM_BACKSLASH='\'
AM_DEFAULT_V='$(AM_DEFAULT_VERBOSITY)'
AM_DEFAULT_VERBOSITY='1'
AM_V='$(V)'
ANDROID_LDFLAGS=''
AR='ar'
AUTOCONF='${SHELL} /Users/OmotolaBabasola1/Programming/Imperial/Java/PulseServer/openSMILE-2.2rc1/missing autoconf'
AUTOHEADER='${SHELL} /Users/OmotolaBabasola1/Programming/Imperial/Java/PulseServer/openSMILE-2.2rc1/missing autoheader'
AUTOMAKE='${SHELL} /Users/OmotolaBabasola1/Programming/Imperial/Java/PulseServer/openSMILE-2.2rc1/missing automake-1.14'
AWK='awk'
BUILD_SEMAINExtract_FALSE=''
BUILD_SEMAINExtract_TRUE='#'
BUILD_SMILErec_FALSE=''
BUILD_SMILErec_TRUE='#'
BUILD_SMILEsync_FALSE=''
BUILD_SMILEsync_TRUE='#'
BUILD_SMILExtract_FALSE='#'
BUILD_SMILExtract_TRUE=''
BUILD_audiorecorder_FALSE=''
BUILD_audiorecorder_TRUE='#'
BUILD_audiosplit_FALSE=''
BUILD_audiosplit_TRUE='#'
CC='gcc'
CCDEPMODE='depmode=gcc3'
CFLAGS='-g -O2'
CPP='gcc -E'
CPPFLAGS=''
CXX='g++'
CXXCPP='g++ -E'
CXXDEPMODE='depmode=gcc3'
CXXFLAGS='-g -O2'
CYGPATH_W='echo'
DEFS='-DHAVE_CONFIG_H'
DEPDIR='.deps'
DLIB='-ldl'
DLLTOOL='false'
DSYMUTIL='dsymutil'
DUMPBIN=''
ECHO_C='\c'
ECHO_N=''
ECHO_T=''
EGREP='/usr/bin/grep -E'
EXEEXT=''
FGREP='/usr/bin/grep -F'
GREP='/usr/bin/grep'
INSTALL_DATA='${INSTALL} -m 644'
INSTALL_PROGRAM='${INSTALL}'
INSTALL_SCRIPT='${INSTALL}'
INSTALL_STRIP_PROGRAM='$(install_sh) -c -s'
LD='/Applications/Xcode.app/Contents/Developer/Toolchains/XcodeDefault.xctoolchain/usr/bin/ld'
LDFLAGS=''
LIBOBJS=''
LIBS=''
LIBTOOL='$(SHELL) $(top_builddir)/libtool'
LIPO='lipo'
LN_S='ln -s'
LTLIBOBJS=''
MAKEINFO='${SHELL} /Users/OmotolaBabasola1/Programming/Imperial/Java/PulseServer/openSMILE-2.2rc1/missing makeinfo'
MANIFEST_TOOL=':'
MKDIR_P='./install-sh -c -d'
NM='/usr/bin/nm'
NMEDIT='nmedit'
OBJDUMP='false'
OBJEXT='o'
OPENCV_CPPFLAGS=''
OPENCV_LDFLAGS=''
OPENCV_ROOT='no'
OTOOL64=':'
OTOOL='otool'
PACKAGE='opensmile'
PACKAGE_BUGREPORT=''
PACKAGE_NAME='openSMILE'
PACKAGE_STRING='openSMILE 2.0.0'
PACKAGE_TARNAME='opensmile'
PACKAGE_URL=''
PACKAGE_VERSION='2.0.0'
PATH_SEPARATOR=':'
PORTAUDIO_CPPFLAGS=''
PORTAUDIO_LDFLAGS=''
PORTAUDIO_ROOT='/usr'
PTHREAD_CC='gcc'
PTHREAD_CFLAGS='-D_THREAD_SAFE '
PTHREAD_LIBS=''
RANLIB='ranlib'
RTNNLLIB_CFLAGS=''
RTNNLLIB_LIBS=''
RTNNLLIB_PREFIX=''
SED='/usr/bin/sed'
SEMAINEAPI_CPPFLAGS=''
SEMAINEAPI_LDFLAGS=''
SEMAINEAPI_ROOT='/Users/OmotolaBabasola1/Programming/Imperial/Java'
SET_MAKE=''
SHELL='/bin/sh'
STRIP='strip'
VERSION='2.0.0'
ac_ct_AR='ar'
ac_ct_CC='gcc'
ac_ct_CXX='g++'
ac_ct_DUMPBIN=''
acx_pthread_config=''
am__EXEEXT_FALSE=''
am__EXEEXT_TRUE='#'
am__fastdepCC_FALSE='#'
am__fastdepCC_TRUE=''
am__fastdepCXX_FALSE='#'
am__fastdepCXX_TRUE=''
am__include='include'
am__isrc=''
am__leading_dot='.'
am__nodep='_no'
am__quote=''
am__tar='$${TAR-tar} chof - "$$tardir"'
am__untar='$${TAR-tar} xf -'
bindir='${exec_prefix}/bin'
build='x86_64-apple-darwin14.0.0'
build_alias=''
build_cpu='x86_64'
build_os='darwin14.0.0'
build_vendor='apple'
datadir='${datarootdir}'
datarootdir='${prefix}/share'
docdir='${datarootdir}/doc/${PACKAGE_TARNAME}'
dvidir='${docdir}'
exec_prefix='${prefix}'
host='x86_64-apple-darwin14.0.0'
host_alias=''
host_cpu='x86_64'
host_os='darwin14.0.0'
host_vendor='apple'
htmldir='${docdir}'
includedir='${prefix}/include'
infodir='${datarootdir}/info'
install_sh='${SHELL} /Users/OmotolaBabasola1/Programming/Imperial/Java/PulseServer/openSMILE-2.2rc1/install-sh'
libdir='${exec_prefix}/lib'
libexecdir='${exec_prefix}/libexec'
localedir='${datarootdir}/locale'
localstatedir='${prefix}/var'
mandir='${datarootdir}/man'
mkdir_p='$(MKDIR_P)'
oldincludedir='/usr/include'
pdfdir='${docdir}'
prefix='/usr/local'
program_transform_name='s,x,x,'
psdir='${docdir}'
sbindir='${exec_prefix}/sbin'
sharedstatedir='${prefix}/com'
sysconfdir='${prefix}/etc'
target_alias=''

## ----------- ##
## confdefs.h. ##
## ----------- ##

/* confdefs.h */
#define PACKAGE_NAME "openSMILE"
#define PACKAGE_TARNAME "opensmile"
#define PACKAGE_VERSION "2.0.0"
#define PACKAGE_STRING "openSMILE 2.0.0"
#define PACKAGE_BUGREPORT ""
#define PACKAGE_URL ""
#define PACKAGE "opensmile"
#define VERSION "2.0.0"
#define STDC_HEADERS 1
#define HAVE_SYS_TYPES_H 1
#define HAVE_SYS_STAT_H 1
#define HAVE_STDLIB_H 1
#define HAVE_STRING_H 1
#define HAVE_MEMORY_H 1
#define HAVE_STRINGS_H 1
#define HAVE_INTTYPES_H 1
#define HAVE_STDINT_H 1
#define HAVE_UNISTD_H 1
#define HAVE_DLFCN_H 1
#define LT_OBJDIR ".libs/"
#define HAVE_PTHREAD 1
#define WITH_LIVEREC 1
#define __MACOS 1
#define __HAVENT_GNULIBS 1
#define HAVE_AUTOCONF 1

configure: exit 0

## ---------------------- ##
## Running config.status. ##
## ---------------------- ##

This file was extended by openSMILE config.status 2.0.0, which was
generated by GNU Autoconf 2.69.  Invocation command line was

  CONFIG_FILES    = 
  CONFIG_HEADERS  = 
  CONFIG_LINKS    = 
  CONFIG_COMMANDS = 
  $ ./config.status config.h

on Omotola-Babasolas-MacBook-Pro.local

config.status:1175: creating config.h
config.status:1356: config.h is unchanged
